Build started 21.11.2012 12:35:33.
     1>Project "D:\Downloads\GiGo\Tutorial 0.3.8\Tutorial 0.3.8\glsdk\freeglut\freeglut.vcxproj" on node 2 (Build target(s)).
     1>ClCompile:
         D:\Program Files (x86)\Microsoft Visual Studio 11.0\VC\bin\CL.exe /c /Iinclude /ZI /nologo /W3 /WX- /Od /Oy- /D _CRT_SECURE_NO_WARNINGS /D _SCL_SECURE_NO_WARNINGS /D FREEGLUT_STATIC /D _LIB /D FREEGLUT_LIB_PRAGMAS=0 /D WIN32 /D _DEBUG /D _MBCS /Gm /EHsc /RTC1 /MDd /GS /Gy /fp:precise /Zc:wchar_t /Zc:forScope /Fo"obj\Debug\\" /Fd"obj\Debug\vc110.pdb" /Gd /TC /analyze- /errorReport:prompt src\freeglut_callbacks.c src\freeglut_cursor.c src\freeglut_display.c src\freeglut_ext.c src\freeglut_font.c src\freeglut_font_data.c src\freeglut_gamemode.c src\freeglut_geometry.c src\freeglut_glutfont_definitions.c src\freeglut_init.c src\freeglut_input_devices.c src\freeglut_joystick.c src\freeglut_main.c src\freeglut_menu.c src\freeglut_misc.c src\freeglut_overlay.c src\freeglut_spaceball.c src\freeglut_state.c src\freeglut_stroke_mono_roman.c src\freeglut_stroke_roman.c src\freeglut_structure.c src\freeglut_teapot.c src\freeglut_videoresize.c src\freeglut_window.c
         freeglut_window.c
     1>d:\downloads\gigo\tutorial 0.3.8\tutorial 0.3.8\glsdk\freeglut\include\gl\freeglut_std.h(61): fatal error C1083: Cannot open include file: 'Windows.h': No such file or directory
         freeglut_videoresize.c
     1>d:\downloads\gigo\tutorial 0.3.8\tutorial 0.3.8\glsdk\freeglut\include\gl\freeglut_std.h(61): fatal error C1083: Cannot open include file: 'Windows.h': No such file or directory
         freeglut_teapot.c
     1>d:\downloads\gigo\tutorial 0.3.8\tutorial 0.3.8\glsdk\freeglut\include\gl\freeglut_std.h(61): fatal error C1083: Cannot open include file: 'Windows.h': No such file or directory
         freeglut_structure.c
     1>d:\downloads\gigo\tutorial 0.3.8\tutorial 0.3.8\glsdk\freeglut\include\gl\freeglut_std.h(61): fatal error C1083: Cannot open include file: 'Windows.h': No such file or directory
         freeglut_stroke_roman.c
     1>d:\downloads\gigo\tutorial 0.3.8\tutorial 0.3.8\glsdk\freeglut\include\gl\freeglut_std.h(61): fatal error C1083: Cannot open include file: 'Windows.h': No such file or directory
         freeglut_stroke_mono_roman.c
     1>d:\downloads\gigo\tutorial 0.3.8\tutorial 0.3.8\glsdk\freeglut\include\gl\freeglut_std.h(61): fatal error C1083: Cannot open include file: 'Windows.h': No such file or directory
         freeglut_state.c
     1>d:\downloads\gigo\tutorial 0.3.8\tutorial 0.3.8\glsdk\freeglut\include\gl\freeglut_std.h(61): fatal error C1083: Cannot open include file: 'Windows.h': No such file or directory
         freeglut_spaceball.c
     1>d:\downloads\gigo\tutorial 0.3.8\tutorial 0.3.8\glsdk\freeglut\include\gl\freeglut_std.h(61): fatal error C1083: Cannot open include file: 'Windows.h': No such file or directory
         freeglut_overlay.c
     1>d:\downloads\gigo\tutorial 0.3.8\tutorial 0.3.8\glsdk\freeglut\include\gl\freeglut_std.h(61): fatal error C1083: Cannot open include file: 'Windows.h': No such file or directory
         freeglut_misc.c
     1>d:\downloads\gigo\tutorial 0.3.8\tutorial 0.3.8\glsdk\freeglut\include\gl\freeglut_std.h(61): fatal error C1083: Cannot open include file: 'Windows.h': No such file or directory
         freeglut_menu.c
     1>d:\downloads\gigo\tutorial 0.3.8\tutorial 0.3.8\glsdk\freeglut\include\gl\freeglut_std.h(61): fatal error C1083: Cannot open include file: 'Windows.h': No such file or directory
         freeglut_main.c
     1>d:\downloads\gigo\tutorial 0.3.8\tutorial 0.3.8\glsdk\freeglut\include\gl\freeglut_std.h(61): fatal error C1083: Cannot open include file: 'Windows.h': No such file or directory
         freeglut_joystick.c
     1>d:\downloads\gigo\tutorial 0.3.8\tutorial 0.3.8\glsdk\freeglut\include\gl\freeglut_std.h(61): fatal error C1083: Cannot open include file: 'Windows.h': No such file or directory
         freeglut_input_devices.c
     1>d:\downloads\gigo\tutorial 0.3.8\tutorial 0.3.8\glsdk\freeglut\include\gl\freeglut_std.h(61): fatal error C1083: Cannot open include file: 'Windows.h': No such file or directory
         freeglut_init.c
     1>d:\downloads\gigo\tutorial 0.3.8\tutorial 0.3.8\glsdk\freeglut\include\gl\freeglut_std.h(61): fatal error C1083: Cannot open include file: 'Windows.h': No such file or directory
         freeglut_glutfont_definitions.c
     1>d:\downloads\gigo\tutorial 0.3.8\tutorial 0.3.8\glsdk\freeglut\include\gl\freeglut_std.h(61): fatal error C1083: Cannot open include file: 'Windows.h': No such file or directory
         freeglut_geometry.c
     1>d:\downloads\gigo\tutorial 0.3.8\tutorial 0.3.8\glsdk\freeglut\include\gl\freeglut_std.h(61): fatal error C1083: Cannot open include file: 'Windows.h': No such file or directory
         freeglut_gamemode.c
     1>d:\downloads\gigo\tutorial 0.3.8\tutorial 0.3.8\glsdk\freeglut\include\gl\freeglut_std.h(61): fatal error C1083: Cannot open include file: 'Windows.h': No such file or directory
         freeglut_font_data.c
     1>d:\downloads\gigo\tutorial 0.3.8\tutorial 0.3.8\glsdk\freeglut\include\gl\freeglut_std.h(61): fatal error C1083: Cannot open include file: 'Windows.h': No such file or directory
         freeglut_font.c
     1>d:\downloads\gigo\tutorial 0.3.8\tutorial 0.3.8\glsdk\freeglut\include\gl\freeglut_std.h(61): fatal error C1083: Cannot open include file: 'Windows.h': No such file or directory
         Generating Code...
         Compiling...
         freeglut_ext.c
     1>d:\downloads\gigo\tutorial 0.3.8\tutorial 0.3.8\glsdk\freeglut\include\gl\freeglut_std.h(61): fatal error C1083: Cannot open include file: 'Windows.h': No such file or directory
         freeglut_display.c
     1>d:\downloads\gigo\tutorial 0.3.8\tutorial 0.3.8\glsdk\freeglut\include\gl\freeglut_std.h(61): fatal error C1083: Cannot open include file: 'Windows.h': No such file or directory
         freeglut_cursor.c
     1>d:\downloads\gigo\tutorial 0.3.8\tutorial 0.3.8\glsdk\freeglut\include\gl\freeglut_std.h(61): fatal error C1083: Cannot open include file: 'Windows.h': No such file or directory
         freeglut_callbacks.c
     1>d:\downloads\gigo\tutorial 0.3.8\tutorial 0.3.8\glsdk\freeglut\include\gl\freeglut_std.h(61): fatal error C1083: Cannot open include file: 'Windows.h': No such file or directory
         Generating Code...
     1>Done Building Project "D:\Downloads\GiGo\Tutorial 0.3.8\Tutorial 0.3.8\glsdk\freeglut\freeglut.vcxproj" (Build target(s)) -- FAILED.

Build FAILED.

Time Elapsed 00:00:00.72
