Build started 4.2.2013 11:51:13.
     1>Project "C:\CODE\GitHub\ducking-octo-dangerzone\Tutorial 0.3.8\glsdk\glutil\glutil.vcxproj" on node 2 (Rebuild target(s)).
     1>ClCompile:
         C:\Program Files (x86)\Microsoft Visual Studio 11.0\VC\bin\CL.exe /c /Iinclude /Isource /I..\glload\include /I..\glm /nologo /W4 /WX- /O2 /Oy /GL /D _CRT_SECURE_NO_WARNINGS /D _SCL_SECURE_NO_WARNINGS /D WIN32 /D NDEBUG /D RELEASE /D _UNICODE /D UNICODE /GF /Gm- /EHsc /MD /GS /Gy /fp:precise /Zc:wchar_t /Zc:forScope /Fo"Release\\" /Fd"Release\vc110.pdb" /Gd /TP /analyze- /errorReport:prompt source\Debug.cpp source\MatrixStack.cpp source\MousePoles.cpp source\Shader.cpp source\WindowPos.cpp
         Debug.cpp
         MatrixStack.cpp
     1>c:\code\github\ducking-octo-dangerzone\tutorial 0.3.8\glsdk\glm\glm\core\type_vec2.hpp(51): warning C4201: nonstandard extension used : nameless struct/union
                 c:\code\github\ducking-octo-dangerzone\tutorial 0.3.8\glsdk\glm\glm\core\type_vec2.hpp(176) : see reference to class template instantiation 'glm::detail::tvec2<T>' being compiled
     1>c:\code\github\ducking-octo-dangerzone\tutorial 0.3.8\glsdk\glm\glm\core\type_vec2.hpp(52): warning C4201: nonstandard extension used : nameless struct/union
     1>c:\code\github\ducking-octo-dangerzone\tutorial 0.3.8\glsdk\glm\glm\core\type_vec2.hpp(53): warning C4201: nonstandard extension used : nameless struct/union
     1>c:\code\github\ducking-octo-dangerzone\tutorial 0.3.8\glsdk\glm\glm\core\type_vec3.hpp(51): warning C4201: nonstandard extension used : nameless struct/union
                 c:\code\github\ducking-octo-dangerzone\tutorial 0.3.8\glsdk\glm\glm\core\type_vec3.hpp(189) : see reference to class template instantiation 'glm::detail::tvec3<T>' being compiled
     1>c:\code\github\ducking-octo-dangerzone\tutorial 0.3.8\glsdk\glm\glm\core\type_vec3.hpp(52): warning C4201: nonstandard extension used : nameless struct/union
     1>c:\code\github\ducking-octo-dangerzone\tutorial 0.3.8\glsdk\glm\glm\core\type_vec3.hpp(53): warning C4201: nonstandard extension used : nameless struct/union
     1>c:\code\github\ducking-octo-dangerzone\tutorial 0.3.8\glsdk\glm\glm\core\type_vec4.hpp(51): warning C4201: nonstandard extension used : nameless struct/union
                 c:\code\github\ducking-octo-dangerzone\tutorial 0.3.8\glsdk\glm\glm\core\type_vec4.hpp(221) : see reference to class template instantiation 'glm::detail::tvec4<T>' being compiled
     1>c:\code\github\ducking-octo-dangerzone\tutorial 0.3.8\glsdk\glm\glm\core\type_vec4.hpp(52): warning C4201: nonstandard extension used : nameless struct/union
     1>c:\code\github\ducking-octo-dangerzone\tutorial 0.3.8\glsdk\glm\glm\core\type_vec4.hpp(53): warning C4201: nonstandard extension used : nameless struct/union
     1>source\MatrixStack.cpp(21): warning C4189: 'fInvSin' : local variable is initialized but not referenced
         MousePoles.cpp
     1>c:\code\github\ducking-octo-dangerzone\tutorial 0.3.8\glsdk\glm\glm\core\type_vec2.hpp(51): warning C4201: nonstandard extension used : nameless struct/union
                 c:\code\github\ducking-octo-dangerzone\tutorial 0.3.8\glsdk\glm\glm\core\type_vec2.hpp(176) : see reference to class template instantiation 'glm::detail::tvec2<T>' being compiled
     1>c:\code\github\ducking-octo-dangerzone\tutorial 0.3.8\glsdk\glm\glm\core\type_vec2.hpp(52): warning C4201: nonstandard extension used : nameless struct/union
     1>c:\code\github\ducking-octo-dangerzone\tutorial 0.3.8\glsdk\glm\glm\core\type_vec2.hpp(53): warning C4201: nonstandard extension used : nameless struct/union
     1>c:\code\github\ducking-octo-dangerzone\tutorial 0.3.8\glsdk\glm\glm\core\type_vec3.hpp(51): warning C4201: nonstandard extension used : nameless struct/union
                 c:\code\github\ducking-octo-dangerzone\tutorial 0.3.8\glsdk\glm\glm\core\type_vec3.hpp(189) : see reference to class template instantiation 'glm::detail::tvec3<T>' being compiled
     1>c:\code\github\ducking-octo-dangerzone\tutorial 0.3.8\glsdk\glm\glm\core\type_vec3.hpp(52): warning C4201: nonstandard extension used : nameless struct/union
     1>c:\code\github\ducking-octo-dangerzone\tutorial 0.3.8\glsdk\glm\glm\core\type_vec3.hpp(53): warning C4201: nonstandard extension used : nameless struct/union
     1>c:\code\github\ducking-octo-dangerzone\tutorial 0.3.8\glsdk\glm\glm\core\type_vec4.hpp(51): warning C4201: nonstandard extension used : nameless struct/union
                 c:\code\github\ducking-octo-dangerzone\tutorial 0.3.8\glsdk\glm\glm\core\type_vec4.hpp(221) : see reference to class template instantiation 'glm::detail::tvec4<T>' being compiled
     1>c:\code\github\ducking-octo-dangerzone\tutorial 0.3.8\glsdk\glm\glm\core\type_vec4.hpp(52): warning C4201: nonstandard extension used : nameless struct/union
     1>c:\code\github\ducking-octo-dangerzone\tutorial 0.3.8\glsdk\glm\glm\core\type_vec4.hpp(53): warning C4201: nonstandard extension used : nameless struct/union
     1>source\MousePoles.cpp(187): warning C4100: 'position' : unreferenced formal parameter
     1>source\MousePoles.cpp(187): warning C4100: 'modifiers' : unreferenced formal parameter
     1>source\MousePoles.cpp(187): warning C4100: 'direction' : unreferenced formal parameter
     1>source\MousePoles.cpp(192): warning C4100: 'key' : unreferenced formal parameter
     1>source\MousePoles.cpp(241): warning C4100: 'bClearY' : unreferenced formal parameter
     1>source\MousePoles.cpp(249): warning C4100: 'bClearXZ' : unreferenced formal parameter
     1>source\MousePoles.cpp(268): warning C4100: 'iYDiff' : unreferenced formal parameter
     1>source\MousePoles.cpp(393): warning C4100: 'position' : unreferenced formal parameter
         Shader.cpp
         WindowPos.cpp
     1>c:\code\github\ducking-octo-dangerzone\tutorial 0.3.8\glsdk\glm\glm\core\type_vec2.hpp(51): warning C4201: nonstandard extension used : nameless struct/union
                 c:\code\github\ducking-octo-dangerzone\tutorial 0.3.8\glsdk\glm\glm\core\type_vec2.hpp(176) : see reference to class template instantiation 'glm::detail::tvec2<T>' being compiled
     1>c:\code\github\ducking-octo-dangerzone\tutorial 0.3.8\glsdk\glm\glm\core\type_vec2.hpp(52): warning C4201: nonstandard extension used : nameless struct/union
     1>c:\code\github\ducking-octo-dangerzone\tutorial 0.3.8\glsdk\glm\glm\core\type_vec2.hpp(53): warning C4201: nonstandard extension used : nameless struct/union
     1>c:\code\github\ducking-octo-dangerzone\tutorial 0.3.8\glsdk\glm\glm\core\type_vec3.hpp(51): warning C4201: nonstandard extension used : nameless struct/union
                 c:\code\github\ducking-octo-dangerzone\tutorial 0.3.8\glsdk\glm\glm\core\type_vec3.hpp(189) : see reference to class template instantiation 'glm::detail::tvec3<T>' being compiled
     1>c:\code\github\ducking-octo-dangerzone\tutorial 0.3.8\glsdk\glm\glm\core\type_vec3.hpp(52): warning C4201: nonstandard extension used : nameless struct/union
     1>c:\code\github\ducking-octo-dangerzone\tutorial 0.3.8\glsdk\glm\glm\core\type_vec3.hpp(53): warning C4201: nonstandard extension used : nameless struct/union
     1>c:\code\github\ducking-octo-dangerzone\tutorial 0.3.8\glsdk\glm\glm\core\type_vec4.hpp(51): warning C4201: nonstandard extension used : nameless struct/union
                 c:\code\github\ducking-octo-dangerzone\tutorial 0.3.8\glsdk\glm\glm\core\type_vec4.hpp(221) : see reference to class template instantiation 'glm::detail::tvec4<T>' being compiled
     1>c:\code\github\ducking-octo-dangerzone\tutorial 0.3.8\glsdk\glm\glm\core\type_vec4.hpp(52): warning C4201: nonstandard extension used : nameless struct/union
     1>c:\code\github\ducking-octo-dangerzone\tutorial 0.3.8\glsdk\glm\glm\core\type_vec4.hpp(53): warning C4201: nonstandard extension used : nameless struct/union
       Lib:
         C:\Program Files (x86)\Microsoft Visual Studio 11.0\VC\bin\Lib.exe /OUT:"lib\glutil.lib" /NOLOGO /LTCG Release\Debug.obj
         Release\MatrixStack.obj
         Release\MousePoles.obj
         Release\Shader.obj
         Release\WindowPos.obj
         glutil.vcxproj -> C:\CODE\GitHub\ducking-octo-dangerzone\Tutorial 0.3.8\glsdk\glutil\lib\glutil.lib
     1>Done Building Project "C:\CODE\GitHub\ducking-octo-dangerzone\Tutorial 0.3.8\glsdk\glutil\glutil.vcxproj" (Rebuild target(s)).

Build succeeded.

Time Elapsed 00:00:02.47
