Build started 21.11.2012 12:35:05.
     1>Project "D:\Downloads\GiGo\Tutorial 0.3.8\Tutorial 0.3.8\glsdk\glimg\glimg.vcxproj" on node 2 (Build target(s)).
     1>ClCompile:
         D:\Program Files (x86)\Microsoft Visual Studio 11.0\VC\bin\CL.exe /c /Iinclude /Isource /I..\glload\include /nologo /W4 /WX- /O2 /Oy /GL /D _CRT_SECURE_NO_WARNINGS /D _SCL_SECURE_NO_WARNINGS /D WIN32 /D NDEBUG /D RELEASE /D _UNICODE /D UNICODE /GF /Gm- /EHsc /MD /GS /Gy /fp:precise /Zc:wchar_t /Zc:forScope /Fo"Release\\" /Fd"Release\vc110.pdb" /Gd /TP /analyze- /errorReport:prompt source\DdsLoader.cpp source\ImageCreator.cpp source\ImageFormat.cpp source\ImageSet.cpp source\ImageSetImpl.cpp source\StbLoader.cpp source\TestLoader.cpp source\TextureGenerator.cpp source\Util.cpp
         DdsLoader.cpp
     1>include\glimg/ImageCreator.h(136): warning C4512: 'glimg::ImageCreator' : assignment operator could not be generated
                 include\glimg/ImageCreator.h(47) : see declaration of 'glimg::ImageCreator'
     1>source\DdsLoader.cpp(28): warning C4100: 'header' : unreferenced formal parameter
     1>source\DdsLoader.cpp(78): warning C4100: 'header10' : unreferenced formal parameter
         ImageCreator.cpp
     1>include\glimg/ImageCreator.h(136): warning C4512: 'glimg::ImageCreator' : assignment operator could not be generated
                 include\glimg/ImageCreator.h(47) : see declaration of 'glimg::ImageCreator'
     1>source\ImageCreator.cpp(40): warning C4189: 'bpp' : local variable is initialized but not referenced
     1>source\ImageCreator.cpp(54): warning C4100: 'mipmapLevel' : unreferenced formal parameter
     1>source\ImageCreator.cpp(182): warning C4100: 'mipmapLevel' : unreferenced formal parameter
                 source\ImageCreator.cpp(299) : see reference to function template instantiation 'const void *glimg::`anonymous-namespace'::CopyBCFlipped<void(__cdecl *)(unsigned char *,const unsigned char *)>(unsigned char *,const glimg::Dimensions &,const glimg::ImageFormat &,int,const void *,int,FlipFunc)' being compiled
                 with
                 [
                     FlipFunc=void (__cdecl *)(unsigned char *,const unsigned char *)
                 ]
         ImageFormat.cpp
         ImageSet.cpp
     1>include\glimg/ImageCreator.h(136): warning C4512: 'glimg::ImageCreator' : assignment operator could not be generated
                 include\glimg/ImageCreator.h(47) : see declaration of 'glimg::ImageCreator'
         ImageSetImpl.cpp
     1>include\glimg/ImageCreator.h(136): warning C4512: 'glimg::ImageCreator' : assignment operator could not be generated
                 include\glimg/ImageCreator.h(47) : see declaration of 'glimg::ImageCreator'
         StbLoader.cpp
     1>include\glimg/ImageCreator.h(136): warning C4512: 'glimg::ImageCreator' : assignment operator could not be generated
                 include\glimg/ImageCreator.h(47) : see declaration of 'glimg::ImageCreator'
         TestLoader.cpp
     1>include\glimg/ImageCreator.h(136): warning C4512: 'glimg::ImageCreator' : assignment operator could not be generated
                 include\glimg/ImageCreator.h(47) : see declaration of 'glimg::ImageCreator'
         TextureGenerator.cpp
     1>d:\downloads\gigo\tutorial 0.3.8\tutorial 0.3.8\glsdk\glload\include\glload\_int_gl_type.h(60): fatal error C1083: Cannot open include file: 'windows.h': No such file or directory
         Util.cpp
     1>include\glimg/ImageCreator.h(136): warning C4512: 'glimg::ImageCreator' : assignment operator could not be generated
                 include\glimg/ImageCreator.h(47) : see declaration of 'glimg::ImageCreator'
     1>Done Building Project "D:\Downloads\GiGo\Tutorial 0.3.8\Tutorial 0.3.8\glsdk\glimg\glimg.vcxproj" (Build target(s)) -- FAILED.

Build FAILED.

Time Elapsed 00:00:12.73
